<?xml version="1.0" encoding="UTF-8"?>
<!-- Generated by org.testng.reporters.JUnitReportReporter -->
<testsuite skipped="0" hostname="DESKTOP-5J08AU2" name="Cinepolis" tests="7" failures="0" timestamp="29 may 2019 17:20:04 GMT" time="62.791" errors="0">
  <testcase name="inicio" time="14.348" classname="Cinepolis"/>
  <testcase name="pelicula" time="12.556" classname="Cinepolis"/>
  <testcase name="seleccionaHorario" time="10.431" classname="Cinepolis"/>
  <testcase name="escogeLugar" time="6.837" classname="Cinepolis"/>
  <testcase name="iniciaSesion" time="5.771" classname="Cinepolis"/>
  <testcase name="confirmaCompra" time="10.212" classname="Cinepolis"/>
  <testcase name="mensaje" time="2.636" classname="Cinepolis"/>
</testsuite> <!-- Cinepolis -->
