<?xml version="1.0" encoding="UTF-8"?>
<!-- Generated by org.testng.reporters.JUnitReportReporter -->
<testsuite skipped="0" hostname="DESKTOP-5J08AU2" name="Cinepolis" tests="7" failures="0" timestamp="07 jun 2019 18:54:13 GMT" time="40.440" errors="0">
  <testcase name="inicio" time="6.048" classname="Cinepolis"/>
  <testcase name="pelicula" time="8.958" classname="Cinepolis"/>
  <testcase name="seleccionaHorario" time="6.050" classname="Cinepolis"/>
  <testcase name="escogeLugar" time="2.263" classname="Cinepolis"/>
  <testcase name="iniciaSesion" time="6.489" classname="Cinepolis"/>
  <testcase name="confirmaCompra" time="8.992" classname="Cinepolis"/>
  <testcase name="mensaje" time="1.640" classname="Cinepolis"/>
</testsuite> <!-- Cinepolis -->
